2024-03-01T23:26:56:INFO: { "OS": "macOS", "video_adapter_driver_info": [], "screen_size": (2880, 1800), "screen_dpi": 256, "screen_scale": 2, "cores": 8, "locale": "en_US" }
2024-03-01T23:26:56:INFO: [step_commands: 0]
Godot Engine v4.2.stable.official.46dc27791 - https://godotengine.org
OpenGL API OpenGL ES 3.0.0 (ANGLE 2.1.21969 git hash: 9528449a8930) - Compatibility - Using Device: Google Inc. (Apple) - ANGLE (Apple, ANGLE Metal Renderer: Apple M2, Version 13.5.1 (Build 22G90))
 
--- Debugging process stopped ---

2024-03-01T23:26:58:INFO: [step_commands: 1]
Godot Engine v4.2.stable.official.46dc27791 - https://godotengine.org
OpenGL API OpenGL ES 3.0.0 (ANGLE 2.1.21969 git hash: 9528449a8930) - Compatibility - Using Device: Google Inc. (Apple) - ANGLE (Apple, ANGLE Metal Renderer: Apple M2, Version 13.5.1 (Build 22G90))
 
--- Debugging process stopped ---
  scene/gui/control.cpp:1440 - Nodes with non-equal opposite anchors will have their size overridden after _ready(). 
  If you want to set size, change the anchors or consider using set_deferred().

2024-03-01T23:27:06:INFO: [step_commands: 2]
Godot Engine v4.2.stable.official.46dc27791 - https://godotengine.org
OpenGL API OpenGL ES 3.0.0 (ANGLE 2.1.21969 git hash: 9528449a8930) - Compatibility - Using Device: Google Inc. (Apple) - ANGLE (Apple, ANGLE Metal Renderer: Apple M2, Version 13.5.1 (Build 22G90))
 
--- Debugging process stopped ---
  scene/gui/control.cpp:1440 - Nodes with non-equal opposite anchors will have their size overridden after _ready(). 
  If you want to set size, change the anchors or consider using set_deferred().
  scene/gui/control.cpp:1440 - Nodes with non-equal opposite anchors will have their size overridden after _ready(). 
  If you want to set size, change the anchors or consider using set_deferred().

2024-03-01T23:29:47:INFO: [step_commands: 3]
Godot Engine v4.2.stable.official.46dc27791 - https://godotengine.org
OpenGL API OpenGL ES 3.0.0 (ANGLE 2.1.21969 git hash: 9528449a8930) - Compatibility - Using Device: Google Inc. (Apple) - ANGLE (Apple, ANGLE Metal Renderer: Apple M2, Version 13.5.1 (Build 22G90))
 
--- Debugging process stopped ---
  scene/gui/control.cpp:1440 - Nodes with non-equal opposite anchors will have their size overridden after _ready(). 
  If you want to set size, change the anchors or consider using set_deferred().
  scene/gui/control.cpp:1440 - Nodes with non-equal opposite anchors will have their size overridden after _ready(). 
  If you want to set size, change the anchors or consider using set_deferred().
  scene/gui/control.cpp:1440 - Nodes with non-equal opposite anchors will have their size overridden after _ready(). 
  If you want to set size, change the anchors or consider using set_deferred().
Move CanvasItem "Player" to (901, -389)
Move CanvasItem "Player" to (682, 709)
Create Node

2024-03-01T23:30:22:INFO: [step_commands: 4]
Godot Engine v4.2.stable.official.46dc27791 - https://godotengine.org
OpenGL API OpenGL ES 3.0.0 (ANGLE 2.1.21969 git hash: 9528449a8930) - Compatibility - Using Device: Google Inc. (Apple) - ANGLE (Apple, ANGLE Metal Renderer: Apple M2, Version 13.5.1 (Build 22G90))
 
--- Debugging process stopped ---

2024-03-01T23:30:33:INFO: [step_commands: 5]
Godot Engine v4.2.stable.official.46dc27791 - https://godotengine.org
OpenGL API OpenGL ES 3.0.0 (ANGLE 2.1.21969 git hash: 9528449a8930) - Compatibility - Using Device: Google Inc. (Apple) - ANGLE (Apple, ANGLE Metal Renderer: Apple M2, Version 13.5.1 (Build 22G90))
 
--- Debugging process stopped ---
  scene/gui/control.cpp:1440 - Nodes with non-equal opposite anchors will have their size overridden after _ready(). 
  If you want to set size, change the anchors or consider using set_deferred().

2024-03-01T23:30:37:INFO: [step_commands: 6]
Godot Engine v4.2.stable.official.46dc27791 - https://godotengine.org
OpenGL API OpenGL ES 3.0.0 (ANGLE 2.1.21969 git hash: 9528449a8930) - Compatibility - Using Device: Google Inc. (Apple) - ANGLE (Apple, ANGLE Metal Renderer: Apple M2, Version 13.5.1 (Build 22G90))
 
--- Debugging process stopped ---
  scene/gui/control.cpp:1440 - Nodes with non-equal opposite anchors will have their size overridden after _ready(). 
  If you want to set size, change the anchors or consider using set_deferred().
  scene/gui/control.cpp:1440 - Nodes with non-equal opposite anchors will have their size overridden after _ready(). 
  If you want to set size, change the anchors or consider using set_deferred().

2024-03-01T23:30:39:INFO: [step_commands: 7]
Godot Engine v4.2.stable.official.46dc27791 - https://godotengine.org
OpenGL API OpenGL ES 3.0.0 (ANGLE 2.1.21969 git hash: 9528449a8930) - Compatibility - Using Device: Google Inc. (Apple) - ANGLE (Apple, ANGLE Metal Renderer: Apple M2, Version 13.5.1 (Build 22G90))
 
--- Debugging process stopped ---
  scene/gui/control.cpp:1440 - Nodes with non-equal opposite anchors will have their size overridden after _ready(). 
  If you want to set size, change the anchors or consider using set_deferred().
  scene/gui/control.cpp:1440 - Nodes with non-equal opposite anchors will have their size overridden after _ready(). 
  If you want to set size, change the anchors or consider using set_deferred().
  scene/gui/control.cpp:1440 - Nodes with non-equal opposite anchors will have their size overridden after _ready(). 
  If you want to set size, change the anchors or consider using set_deferred().

2024-03-01T23:30:49:INFO: [step_commands: 8]
Godot Engine v4.2.stable.official.46dc27791 - https://godotengine.org
OpenGL API OpenGL ES 3.0.0 (ANGLE 2.1.21969 git hash: 9528449a8930) - Compatibility - Using Device: Google Inc. (Apple) - ANGLE (Apple, ANGLE Metal Renderer: Apple M2, Version 13.5.1 (Build 22G90))
 
--- Debugging process stopped ---
  scene/gui/control.cpp:1440 - Nodes with non-equal opposite anchors will have their size overridden after _ready(). 
  If you want to set size, change the anchors or consider using set_deferred().
  scene/gui/control.cpp:1440 - Nodes with non-equal opposite anchors will have their size overridden after _ready(). 
  If you want to set size, change the anchors or consider using set_deferred().
  scene/gui/control.cpp:1440 - Nodes with non-equal opposite anchors will have their size overridden after _ready(). 
  If you want to set size, change the anchors or consider using set_deferred().
  scene/gui/control.cpp:1440 - Nodes with non-equal opposite anchors will have their size overridden after _ready(). 
  If you want to set size, change the anchors or consider using set_deferred().
  scene/gui/control.cpp:1440 - Nodes with non-equal opposite anchors will have their size overridden after _ready(). 
  If you want to set size, change the anchors or consider using set_deferred().

2024-03-01T23:30:56:INFO: [step_commands: 9]
Godot Engine v4.2.stable.official.46dc27791 - https://godotengine.org
OpenGL API OpenGL ES 3.0.0 (ANGLE 2.1.21969 git hash: 9528449a8930) - Compatibility - Using Device: Google Inc. (Apple) - ANGLE (Apple, ANGLE Metal Renderer: Apple M2, Version 13.5.1 (Build 22G90))
 
--- Debugging process stopped ---
  scene/gui/control.cpp:1440 - Nodes with non-equal opposite anchors will have their size overridden after _ready(). 
  If you want to set size, change the anchors or consider using set_deferred().
  scene/gui/control.cpp:1440 - Nodes with non-equal opposite anchors will have their size overridden after _ready(). 
  If you want to set size, change the anchors or consider using set_deferred().
  scene/gui/control.cpp:1440 - Nodes with non-equal opposite anchors will have their size overridden after _ready(). 
  If you want to set size, change the anchors or consider using set_deferred().
  scene/gui/control.cpp:1440 - Nodes with non-equal opposite anchors will have their size overridden after _ready(). 
  If you want to set size, change the anchors or consider using set_deferred().
  scene/gui/control.cpp:1440 - Nodes with non-equal opposite anchors will have their size overridden after _ready(). 
  If you want to set size, change the anchors or consider using set_deferred().
  scene/gui/control.cpp:1440 - Nodes with non-equal opposite anchors will have their size overridden after _ready(). 
  If you want to set size, change the anchors or consider using set_deferred().
  scene/gui/control.cpp:1440 - Nodes with non-equal opposite anchors will have their size overridden after _ready(). 
  If you want to set size, change the anchors or consider using set_deferred().

2024-03-01T23:31:07:INFO: [step_commands: 10]
Godot Engine v4.2.stable.official.46dc27791 - https://godotengine.org
OpenGL API OpenGL ES 3.0.0 (ANGLE 2.1.21969 git hash: 9528449a8930) - Compatibility - Using Device: Google Inc. (Apple) - ANGLE (Apple, ANGLE Metal Renderer: Apple M2, Version 13.5.1 (Build 22G90))
 
--- Debugging process stopped ---
  scene/gui/control.cpp:1440 - Nodes with non-equal opposite anchors will have their size overridden after _ready(). 
  If you want to set size, change the anchors or consider using set_deferred().
  scene/gui/control.cpp:1440 - Nodes with non-equal opposite anchors will have their size overridden after _ready(). 
  If you want to set size, change the anchors or consider using set_deferred().
  scene/gui/control.cpp:1440 - Nodes with non-equal opposite anchors will have their size overridden after _ready(). 
  If you want to set size, change the anchors or consider using set_deferred().
  scene/gui/control.cpp:1440 - Nodes with non-equal opposite anchors will have their size overridden after _ready(). 
  If you want to set size, change the anchors or consider using set_deferred().
  scene/gui/control.cpp:1440 - Nodes with non-equal opposite anchors will have their size overridden after _ready(). 
  If you want to set size, change the anchors or consider using set_deferred().
  scene/gui/control.cpp:1440 - Nodes with non-equal opposite anchors will have their size overridden after _ready(). 
  If you want to set size, change the anchors or consider using set_deferred().
  scene/gui/control.cpp:1440 - Nodes with non-equal opposite anchors will have their size overridden after _ready(). 
  If you want to set size, change the anchors or consider using set_deferred().
  scene/gui/control.cpp:1440 - Nodes with non-equal opposite anchors will have their size overridden after _ready(). 
  If you want to set size, change the anchors or consider using set_deferred().
  scene/gui/control.cpp:1440 - Nodes with non-equal opposite anchors will have their size overridden after _ready(). 
  If you want to set size, change the anchors or consider using set_deferred().
Create Node

2024-03-01T23:31:14:INFO: [step_commands: 11]
Godot Engine v4.2.stable.official.46dc27791 - https://godotengine.org
OpenGL API OpenGL ES 3.0.0 (ANGLE 2.1.21969 git hash: 9528449a8930) - Compatibility - Using Device: Google Inc. (Apple) - ANGLE (Apple, ANGLE Metal Renderer: Apple M2, Version 13.5.1 (Build 22G90))
 
--- Debugging process stopped ---
  scene/gui/control.cpp:1440 - Nodes with non-equal opposite anchors will have their size overridden after _ready(). 
  If you want to set size, change the anchors or consider using set_deferred().
  scene/gui/control.cpp:1440 - Nodes with non-equal opposite anchors will have their size overridden after _ready(). 
  If you want to set size, change the anchors or consider using set_deferred().
  scene/gui/control.cpp:1440 - Nodes with non-equal opposite anchors will have their size overridden after _ready(). 
  If you want to set size, change the anchors or consider using set_deferred().
  scene/gui/control.cpp:1440 - Nodes with non-equal opposite anchors will have their size overridden after _ready(). 
  If you want to set size, change the anchors or consider using set_deferred().
  scene/gui/control.cpp:1440 - Nodes with non-equal opposite anchors will have their size overridden after _ready(). 
  If you want to set size, change the anchors or consider using set_deferred().
  scene/gui/control.cpp:1440 - Nodes with non-equal opposite anchors will have their size overridden after _ready(). 
  If you want to set size, change the anchors or consider using set_deferred().
  scene/gui/control.cpp:1440 - Nodes with non-equal opposite anchors will have their size overridden after _ready(). 
  If you want to set size, change the anchors or consider using set_deferred().
  scene/gui/control.cpp:1440 - Nodes with non-equal opposite anchors will have their size overridden after _ready(). 
  If you want to set size, change the anchors or consider using set_deferred().
  scene/gui/control.cpp:1440 - Nodes with non-equal opposite anchors will have their size overridden after _ready(). 
  If you want to set size, change the anchors or consider using set_deferred().
Create Node
  scene/gui/control.cpp:1440 - Nodes with non-equal opposite anchors will have their size overridden after _ready(). 
  If you want to set size, change the anchors or consider using set_deferred().

2024-03-01T23:31:31:INFO: [step_commands: 12]
Godot Engine v4.2.stable.official.46dc27791 - https://godotengine.org
OpenGL API OpenGL ES 3.0.0 (ANGLE 2.1.21969 git hash: 9528449a8930) - Compatibility - Using Device: Google Inc. (Apple) - ANGLE (Apple, ANGLE Metal Renderer: Apple M2, Version 13.5.1 (Build 22G90))
 
--- Debugging process stopped ---
  scene/gui/control.cpp:1440 - Nodes with non-equal opposite anchors will have their size overridden after _ready(). 
  If you want to set size, change the anchors or consider using set_deferred().
  scene/gui/control.cpp:1440 - Nodes with non-equal opposite anchors will have their size overridden after _ready(). 
  If you want to set size, change the anchors or consider using set_deferred().
  scene/gui/control.cpp:1440 - Nodes with non-equal opposite anchors will have their size overridden after _ready(). 
  If you want to set size, change the anchors or consider using set_deferred().
  scene/gui/control.cpp:1440 - Nodes with non-equal opposite anchors will have their size overridden after _ready(). 
  If you want to set size, change the anchors or consider using set_deferred().
  scene/gui/control.cpp:1440 - Nodes with non-equal opposite anchors will have their size overridden after _ready(). 
  If you want to set size, change the anchors or consider using set_deferred().
  scene/gui/control.cpp:1440 - Nodes with non-equal opposite anchors will have their size overridden after _ready(). 
  If you want to set size, change the anchors or consider using set_deferred().
  scene/gui/control.cpp:1440 - Nodes with non-equal opposite anchors will have their size overridden after _ready(). 
  If you want to set size, change the anchors or consider using set_deferred().
  scene/gui/control.cpp:1440 - Nodes with non-equal opposite anchors will have their size overridden after _ready(). 
  If you want to set size, change the anchors or consider using set_deferred().
  scene/gui/control.cpp:1440 - Nodes with non-equal opposite anchors will have their size overridden after _ready(). 
  If you want to set size, change the anchors or consider using set_deferred().
Create Node
  scene/gui/control.cpp:1440 - Nodes with non-equal opposite anchors will have their size overridden after _ready(). 
  If you want to set size, change the anchors or consider using set_deferred().
  scene/gui/control.cpp:1440 - Nodes with non-equal opposite anchors will have their size overridden after _ready(). 
  If you want to set size, change the anchors or consider using set_deferred().
Instantiate Scene(s)

2024-03-01T23:33:03:INFO: [step_commands: 13]
Godot Engine v4.2.stable.official.46dc27791 - https://godotengine.org
OpenGL API OpenGL ES 3.0.0 (ANGLE 2.1.21969 git hash: 9528449a8930) - Compatibility - Using Device: Google Inc. (Apple) - ANGLE (Apple, ANGLE Metal Renderer: Apple M2, Version 13.5.1 (Build 22G90))
 
--- Debugging process stopped ---
  scene/gui/control.cpp:1440 - Nodes with non-equal opposite anchors will have their size overridden after _ready(). 
  If you want to set size, change the anchors or consider using set_deferred().
  scene/gui/control.cpp:1440 - Nodes with non-equal opposite anchors will have their size overridden after _ready(). 
  If you want to set size, change the anchors or consider using set_deferred().
  scene/gui/control.cpp:1440 - Nodes with non-equal opposite anchors will have their size overridden after _ready(). 
  If you want to set size, change the anchors or consider using set_deferred().
  scene/gui/control.cpp:1440 - Nodes with non-equal opposite anchors will have their size overridden after _ready(). 
  If you want to set size, change the anchors or consider using set_deferred().
  scene/gui/control.cpp:1440 - Nodes with non-equal opposite anchors will have their size overridden after _ready(). 
  If you want to set size, change the anchors or consider using set_deferred().
  scene/gui/control.cpp:1440 - Nodes with non-equal opposite anchors will have their size overridden after _ready(). 
  If you want to set size, change the anchors or consider using set_deferred().
  scene/gui/control.cpp:1440 - Nodes with non-equal opposite anchors will have their size overridden after _ready(). 
  If you want to set size, change the anchors or consider using set_deferred().
  scene/gui/control.cpp:1440 - Nodes with non-equal opposite anchors will have their size overridden after _ready(). 
  If you want to set size, change the anchors or consider using set_deferred().
  scene/gui/control.cpp:1440 - Nodes with non-equal opposite anchors will have their size overridden after _ready(). 
  If you want to set size, change the anchors or consider using set_deferred().
Create Node
  scene/gui/control.cpp:1440 - Nodes with non-equal opposite anchors will have their size overridden after _ready(). 
  If you want to set size, change the anchors or consider using set_deferred().
  scene/gui/control.cpp:1440 - Nodes with non-equal opposite anchors will have their size overridden after _ready(). 
  If you want to set size, change the anchors or consider using set_deferred().
Instantiate Scene(s)
  scene/gui/control.cpp:1440 - Nodes with non-equal opposite anchors will have their size overridden after _ready(). 
  If you want to set size, change the anchors or consider using set_deferred().
Move CanvasItem "UIHealthBar" to (-1140, 424)
Move CanvasItem "UIHealthBar" to (73, 65)
Move CanvasItem "RoomB" to (-510, 1421)

2024-03-01T23:33:16:INFO: [step_commands: 14]
Godot Engine v4.2.stable.official.46dc27791 - https://godotengine.org
OpenGL API OpenGL ES 3.0.0 (ANGLE 2.1.21969 git hash: 9528449a8930) - Compatibility - Using Device: Google Inc. (Apple) - ANGLE (Apple, ANGLE Metal Renderer: Apple M2, Version 13.5.1 (Build 22G90))
 
--- Debugging process stopped ---
  scene/gui/control.cpp:1440 - Nodes with non-equal opposite anchors will have their size overridden after _ready(). 
  If you want to set size, change the anchors or consider using set_deferred().
  scene/gui/control.cpp:1440 - Nodes with non-equal opposite anchors will have their size overridden after _ready(). 
  If you want to set size, change the anchors or consider using set_deferred().
  scene/gui/control.cpp:1440 - Nodes with non-equal opposite anchors will have their size overridden after _ready(). 
  If you want to set size, change the anchors or consider using set_deferred().
  scene/gui/control.cpp:1440 - Nodes with non-equal opposite anchors will have their size overridden after _ready(). 
  If you want to set size, change the anchors or consider using set_deferred().
  scene/gui/control.cpp:1440 - Nodes with non-equal opposite anchors will have their size overridden after _ready(). 
  If you want to set size, change the anchors or consider using set_deferred().
  scene/gui/control.cpp:1440 - Nodes with non-equal opposite anchors will have their size overridden after _ready(). 
  If you want to set size, change the anchors or consider using set_deferred().
  scene/gui/control.cpp:1440 - Nodes with non-equal opposite anchors will have their size overridden after _ready(). 
  If you want to set size, change the anchors or consider using set_deferred().
  scene/gui/control.cpp:1440 - Nodes with non-equal opposite anchors will have their size overridden after _ready(). 
  If you want to set size, change the anchors or consider using set_deferred().
  scene/gui/control.cpp:1440 - Nodes with non-equal opposite anchors will have their size overridden after _ready(). 
  If you want to set size, change the anchors or consider using set_deferred().
Create Node
  scene/gui/control.cpp:1440 - Nodes with non-equal opposite anchors will have their size overridden after _ready(). 
  If you want to set size, change the anchors or consider using set_deferred().
  scene/gui/control.cpp:1440 - Nodes with non-equal opposite anchors will have their size overridden after _ready(). 
  If you want to set size, change the anchors or consider using set_deferred().
Instantiate Scene(s)
  scene/gui/control.cpp:1440 - Nodes with non-equal opposite anchors will have their size overridden after _ready(). 
  If you want to set size, change the anchors or consider using set_deferred().
Move CanvasItem "UIHealthBar" to (-1140, 424)
Move CanvasItem "UIHealthBar" to (73, 65)
Move CanvasItem "RoomB" to (-510, 1421)
  scene/gui/control.cpp:1440 - Nodes with non-equal opposite anchors will have their size overridden after _ready(). 
  If you want to set size, change the anchors or consider using set_deferred().

2024-03-01T23:36:46:INFO: [step_commands: 13]
Godot Engine v4.2.stable.official.46dc27791 - https://godotengine.org
OpenGL API OpenGL ES 3.0.0 (ANGLE 2.1.21969 git hash: 9528449a8930) - Compatibility - Using Device: Google Inc. (Apple) - ANGLE (Apple, ANGLE Metal Renderer: Apple M2, Version 13.5.1 (Build 22G90))
 
--- Debugging process stopped ---
  scene/gui/control.cpp:1440 - Nodes with non-equal opposite anchors will have their size overridden after _ready(). 
  If you want to set size, change the anchors or consider using set_deferred().
  scene/gui/control.cpp:1440 - Nodes with non-equal opposite anchors will have their size overridden after _ready(). 
  If you want to set size, change the anchors or consider using set_deferred().
  scene/gui/control.cpp:1440 - Nodes with non-equal opposite anchors will have their size overridden after _ready(). 
  If you want to set size, change the anchors or consider using set_deferred().
  scene/gui/control.cpp:1440 - Nodes with non-equal opposite anchors will have their size overridden after _ready(). 
  If you want to set size, change the anchors or consider using set_deferred().
  scene/gui/control.cpp:1440 - Nodes with non-equal opposite anchors will have their size overridden after _ready(). 
  If you want to set size, change the anchors or consider using set_deferred().
  scene/gui/control.cpp:1440 - Nodes with non-equal opposite anchors will have their size overridden after _ready(). 
  If you want to set size, change the anchors or consider using set_deferred().
  scene/gui/control.cpp:1440 - Nodes with non-equal opposite anchors will have their size overridden after _ready(). 
  If you want to set size, change the anchors or consider using set_deferred().
  scene/gui/control.cpp:1440 - Nodes with non-equal opposite anchors will have their size overridden after _ready(). 
  If you want to set size, change the anchors or consider using set_deferred().
  scene/gui/control.cpp:1440 - Nodes with non-equal opposite anchors will have their size overridden after _ready(). 
  If you want to set size, change the anchors or consider using set_deferred().
Create Node
  scene/gui/control.cpp:1440 - Nodes with non-equal opposite anchors will have their size overridden after _ready(). 
  If you want to set size, change the anchors or consider using set_deferred().
  scene/gui/control.cpp:1440 - Nodes with non-equal opposite anchors will have their size overridden after _ready(). 
  If you want to set size, change the anchors or consider using set_deferred().
Instantiate Scene(s)
  scene/gui/control.cpp:1440 - Nodes with non-equal opposite anchors will have their size overridden after _ready(). 
  If you want to set size, change the anchors or consider using set_deferred().
Move CanvasItem "UIHealthBar" to (-1140, 424)
Move CanvasItem "UIHealthBar" to (73, 65)
Move CanvasItem "RoomB" to (-510, 1421)
  scene/gui/control.cpp:1440 - Nodes with non-equal opposite anchors will have their size overridden after _ready(). 
  If you want to set size, change the anchors or consider using set_deferred().
  scene/gui/control.cpp:1440 - Nodes with non-equal opposite anchors will have their size overridden after _ready(). 
  If you want to set size, change the anchors or consider using set_deferred().
Set position
Set position
Set position
Set position
Set position
  modules/gdscript/gdscript_lambda_callable.cpp:224 - Lambda capture at index 0 was freed. Passed "null" instead.
  res://addons/godot_tours/overlays/overlays.gd:210 - Cannot call method 'get_global_rect' on a null value.
  modules/gdscript/gdscript_lambda_callable.cpp:224 - Lambda capture at index 0 was freed. Passed "null" instead.
  res://addons/godot_tours/overlays/overlays.gd:210 - Cannot call method 'get_global_rect' on a null value.
Set position
Scene Undo: Set position
Scene Undo: Set position
Scene Undo: Set position
Scene Undo: Set position
Scene Undo: Set position
Scene Undo: Set position
  modules/gdscript/gdscript_lambda_callable.cpp:224 - Lambda capture at index 0 was freed. Passed "null" instead.
  res://addons/godot_tours/overlays/overlays.gd:210 - Cannot call method 'get_global_rect' on a null value.
  modules/gdscript/gdscript_lambda_callable.cpp:224 - Lambda capture at index 0 was freed. Passed "null" instead.
  res://addons/godot_tours/overlays/overlays.gd:210 - Cannot call method 'get_global_rect' on a null value.
Set custom_minimum_size
Scene Undo: Set custom_minimum_size
Scene Undo: Move CanvasItem "RoomB" to (-510, 1421)
  modules/gdscript/gdscript_lambda_callable.cpp:224 - Lambda capture at index 0 was freed. Passed "null" instead.
  res://addons/godot_tours/overlays/overlays.gd:210 - Cannot call method 'get_global_rect' on a null value.
  modules/gdscript/gdscript_lambda_callable.cpp:224 - Lambda capture at index 0 was freed. Passed "null" instead.
  res://addons/godot_tours/overlays/overlays.gd:210 - Cannot call method 'get_global_rect' on a null value.
  modules/gdscript/gdscript_lambda_callable.cpp:224 - Lambda capture at index 0 was freed. Passed "null" instead.
  res://addons/godot_tours/overlays/overlays.gd:210 - Cannot call method 'get_global_rect' on a null value.
  modules/gdscript/gdscript_lambda_callable.cpp:224 - Lambda capture at index 0 was freed. Passed "null" instead.
  res://addons/godot_tours/overlays/overlays.gd:210 - Cannot call method 'get_global_rect' on a null value.
  modules/gdscript/gdscript_lambda_callable.cpp:224 - Lambda capture at index 0 was freed. Passed "null" instead.
  res://addons/godot_tours/overlays/overlays.gd:210 - Cannot call method 'get_global_rect' on a null value.
  modules/gdscript/gdscript_lambda_callable.cpp:224 - Lambda capture at index 0 was freed. Passed "null" instead.
  res://addons/godot_tours/overlays/overlays.gd:210 - Cannot call method 'get_global_rect' on a null value.
  modules/gdscript/gdscript_lambda_callable.cpp:224 - Lambda capture at index 0 was freed. Passed "null" instead.
  res://addons/godot_tours/overlays/overlays.gd:210 - Cannot call method 'get_global_rect' on a null value.
  modules/gdscript/gdscript_lambda_callable.cpp:224 - Lambda capture at index 0 was freed. Passed "null" instead.
  res://addons/godot_tours/overlays/overlays.gd:210 - Cannot call method 'get_global_rect' on a null value.
  modules/gdscript/gdscript_lambda_callable.cpp:224 - Lambda capture at index 0 was freed. Passed "null" instead.
  res://addons/godot_tours/overlays/overlays.gd:210 - Cannot call method 'get_global_rect' on a null value.
  modules/gdscript/gdscript_lambda_callable.cpp:224 - Lambda capture at index 0 was freed. Passed "null" instead.
  res://addons/godot_tours/overlays/overlays.gd:210 - Cannot call method 'get_global_rect' on a null value.
  modules/gdscript/gdscript_lambda_callable.cpp:224 - Lambda capture at index 0 was freed. Passed "null" instead.
  res://addons/godot_tours/overlays/overlays.gd:210 - Cannot call method 'get_global_rect' on a null value.
  modules/gdscript/gdscript_lambda_callable.cpp:224 - Lambda capture at index 0 was freed. Passed "null" instead.
  res://addons/godot_tours/overlays/overlays.gd:210 - Cannot call method 'get_global_rect' on a null value.
  modules/gdscript/gdscript_lambda_callable.cpp:224 - Lambda capture at index 0 was freed. Passed "null" instead.
  res://addons/godot_tours/overlays/overlays.gd:210 - Cannot call method 'get_global_rect' on a null value.
  modules/gdscript/gdscript_lambda_callable.cpp:224 - Lambda capture at index 0 was freed. Passed "null" instead.
  res://addons/godot_tours/overlays/overlays.gd:210 - Cannot call method 'get_global_rect' on a null value.
  modules/gdscript/gdscript_lambda_callable.cpp:224 - Lambda capture at index 0 was freed. Passed "null" instead.
  res://addons/godot_tours/overlays/overlays.gd:210 - Cannot call method 'get_global_rect' on a null value.
  modules/gdscript/gdscript_lambda_callable.cpp:224 - Lambda capture at index 0 was freed. Passed "null" instead.
  res://addons/godot_tours/overlays/overlays.gd:210 - Cannot call method 'get_global_rect' on a null value.
  modules/gdscript/gdscript_lambda_callable.cpp:224 - Lambda capture at index 0 was freed. Passed "null" instead.
  res://addons/godot_tours/overlays/overlays.gd:210 - Cannot call method 'get_global_rect' on a null value.
  modules/gdscript/gdscript_lambda_callable.cpp:224 - Lambda capture at index 0 was freed. Passed "null" instead.
  res://addons/godot_tours/overlays/overlays.gd:210 - Cannot call method 'get_global_rect' on a null value.
  modules/gdscript/gdscript_lambda_callable.cpp:224 - Lambda capture at index 0 was freed. Passed "null" instead.
  res://addons/godot_tours/overlays/overlays.gd:210 - Cannot call method 'get_global_rect' on a null value.
  modules/gdscript/gdscript_lambda_callable.cpp:224 - Lambda capture at index 0 was freed. Passed "null" instead.
  res://addons/godot_tours/overlays/overlays.gd:210 - Cannot call method 'get_global_rect' on a null value.
  modules/gdscript/gdscript_lambda_callable.cpp:224 - Lambda capture at index 0 was freed. Passed "null" instead.
  res://addons/godot_tours/overlays/overlays.gd:210 - Cannot call method 'get_global_rect' on a null value.
  modules/gdscript/gdscript_lambda_callable.cpp:224 - Lambda capture at index 0 was freed. Passed "null" instead.
  res://addons/godot_tours/overlays/overlays.gd:210 - Cannot call method 'get_global_rect' on a null value.
  modules/gdscript/gdscript_lambda_callable.cpp:224 - Lambda capture at index 0 was freed. Passed "null" instead.
  res://addons/godot_tours/overlays/overlays.gd:210 - Cannot call method 'get_global_rect' on a null value.
  modules/gdscript/gdscript_lambda_callable.cpp:224 - Lambda capture at index 0 was freed. Passed "null" instead.
  res://addons/godot_tours/overlays/overlays.gd:210 - Cannot call method 'get_global_rect' on a null value.
  modules/gdscript/gdscript_lambda_callable.cpp:224 - Lambda capture at index 0 was freed. Passed "null" instead.
  res://addons/godot_tours/overlays/overlays.gd:210 - Cannot call method 'get_global_rect' on a null value.
  modules/gdscript/gdscript_lambda_callable.cpp:224 - Lambda capture at index 0 was freed. Passed "null" instead.
  res://addons/godot_tours/overlays/overlays.gd:210 - Cannot call method 'get_global_rect' on a null value.
  modules/gdscript/gdscript_lambda_callable.cpp:224 - Lambda capture at index 0 was freed. Passed "null" instead.
  res://addons/godot_tours/overlays/overlays.gd:210 - Cannot call method 'get_global_rect' on a null value.

2024-03-01T23:37:12:INFO: [step_commands: 14]
Godot Engine v4.2.stable.official.46dc27791 - https://godotengine.org
OpenGL API OpenGL ES 3.0.0 (ANGLE 2.1.21969 git hash: 9528449a8930) - Compatibility - Using Device: Google Inc. (Apple) - ANGLE (Apple, ANGLE Metal Renderer: Apple M2, Version 13.5.1 (Build 22G90))
 
--- Debugging process stopped ---
  scene/gui/control.cpp:1440 - Nodes with non-equal opposite anchors will have their size overridden after _ready(). 
  If you want to set size, change the anchors or consider using set_deferred().
  scene/gui/control.cpp:1440 - Nodes with non-equal opposite anchors will have their size overridden after _ready(). 
  If you want to set size, change the anchors or consider using set_deferred().
  scene/gui/control.cpp:1440 - Nodes with non-equal opposite anchors will have their size overridden after _ready(). 
  If you want to set size, change the anchors or consider using set_deferred().
  scene/gui/control.cpp:1440 - Nodes with non-equal opposite anchors will have their size overridden after _ready(). 
  If you want to set size, change the anchors or consider using set_deferred().
  scene/gui/control.cpp:1440 - Nodes with non-equal opposite anchors will have their size overridden after _ready(). 
  If you want to set size, change the anchors or consider using set_deferred().
  scene/gui/control.cpp:1440 - Nodes with non-equal opposite anchors will have their size overridden after _ready(). 
  If you want to set size, change the anchors or consider using set_deferred().
  scene/gui/control.cpp:1440 - Nodes with non-equal opposite anchors will have their size overridden after _ready(). 
  If you want to set size, change the anchors or consider using set_deferred().
  scene/gui/control.cpp:1440 - Nodes with non-equal opposite anchors will have their size overridden after _ready(). 
  If you want to set size, change the anchors or consider using set_deferred().
  scene/gui/control.cpp:1440 - Nodes with non-equal opposite anchors will have their size overridden after _ready(). 
  If you want to set size, change the anchors or consider using set_deferred().
Create Node
  scene/gui/control.cpp:1440 - Nodes with non-equal opposite anchors will have their size overridden after _ready(). 
  If you want to set size, change the anchors or consider using set_deferred().
  scene/gui/control.cpp:1440 - Nodes with non-equal opposite anchors will have their size overridden after _ready(). 
  If you want to set size, change the anchors or consider using set_deferred().
Instantiate Scene(s)
  scene/gui/control.cpp:1440 - Nodes with non-equal opposite anchors will have their size overridden after _ready(). 
  If you want to set size, change the anchors or consider using set_deferred().
Move CanvasItem "UIHealthBar" to (-1140, 424)
Move CanvasItem "UIHealthBar" to (73, 65)
Move CanvasItem "RoomB" to (-510, 1421)
  scene/gui/control.cpp:1440 - Nodes with non-equal opposite anchors will have their size overridden after _ready(). 
  If you want to set size, change the anchors or consider using set_deferred().
  scene/gui/control.cpp:1440 - Nodes with non-equal opposite anchors will have their size overridden after _ready(). 
  If you want to set size, change the anchors or consider using set_deferred().
Set position
Set position
Set position
Set position
Set position
  modules/gdscript/gdscript_lambda_callable.cpp:224 - Lambda capture at index 0 was freed. Passed "null" instead.
  res://addons/godot_tours/overlays/overlays.gd:210 - Cannot call method 'get_global_rect' on a null value.
  modules/gdscript/gdscript_lambda_callable.cpp:224 - Lambda capture at index 0 was freed. Passed "null" instead.
  res://addons/godot_tours/overlays/overlays.gd:210 - Cannot call method 'get_global_rect' on a null value.
Set position
Scene Undo: Set position
Scene Undo: Set position
Scene Undo: Set position
Scene Undo: Set position
Scene Undo: Set position
Scene Undo: Set position
  modules/gdscript/gdscript_lambda_callable.cpp:224 - Lambda capture at index 0 was freed. Passed "null" instead.
  res://addons/godot_tours/overlays/overlays.gd:210 - Cannot call method 'get_global_rect' on a null value.
  modules/gdscript/gdscript_lambda_callable.cpp:224 - Lambda capture at index 0 was freed. Passed "null" instead.
  res://addons/godot_tours/overlays/overlays.gd:210 - Cannot call method 'get_global_rect' on a null value.
Set custom_minimum_size
Scene Undo: Set custom_minimum_size
Scene Undo: Move CanvasItem "RoomB" to (-510, 1421)
  modules/gdscript/gdscript_lambda_callable.cpp:224 - Lambda capture at index 0 was freed. Passed "null" instead.
  res://addons/godot_tours/overlays/overlays.gd:210 - Cannot call method 'get_global_rect' on a null value.
  modules/gdscript/gdscript_lambda_callable.cpp:224 - Lambda capture at index 0 was freed. Passed "null" instead.
  res://addons/godot_tours/overlays/overlays.gd:210 - Cannot call method 'get_global_rect' on a null value.
  modules/gdscript/gdscript_lambda_callable.cpp:224 - Lambda capture at index 0 was freed. Passed "null" instead.
  res://addons/godot_tours/overlays/overlays.gd:210 - Cannot call method 'get_global_rect' on a null value.
  modules/gdscript/gdscript_lambda_callable.cpp:224 - Lambda capture at index 0 was freed. Passed "null" instead.
  res://addons/godot_tours/overlays/overlays.gd:210 - Cannot call method 'get_global_rect' on a null value.
  modules/gdscript/gdscript_lambda_callable.cpp:224 - Lambda capture at index 0 was freed. Passed "null" instead.
  res://addons/godot_tours/overlays/overlays.gd:210 - Cannot call method 'get_global_rect' on a null value.
  modules/gdscript/gdscript_lambda_callable.cpp:224 - Lambda capture at index 0 was freed. Passed "null" instead.
  res://addons/godot_tours/overlays/overlays.gd:210 - Cannot call method 'get_global_rect' on a null value.
  modules/gdscript/gdscript_lambda_callable.cpp:224 - Lambda capture at index 0 was freed. Passed "null" instead.
  res://addons/godot_tours/overlays/overlays.gd:210 - Cannot call method 'get_global_rect' on a null value.
  modules/gdscript/gdscript_lambda_callable.cpp:224 - Lambda capture at index 0 was freed. Passed "null" instead.
  res://addons/godot_tours/overlays/overlays.gd:210 - Cannot call method 'get_global_rect' on a null value.
  modules/gdscript/gdscript_lambda_callable.cpp:224 - Lambda capture at index 0 was freed. Passed "null" instead.
  res://addons/godot_tours/overlays/overlays.gd:210 - Cannot call method 'get_global_rect' on a null value.
  modules/gdscript/gdscript_lambda_callable.cpp:224 - Lambda capture at index 0 was freed. Passed "null" instead.
  res://addons/godot_tours/overlays/overlays.gd:210 - Cannot call method 'get_global_rect' on a null value.
  modules/gdscript/gdscript_lambda_callable.cpp:224 - Lambda capture at index 0 was freed. Passed "null" instead.
  res://addons/godot_tours/overlays/overlays.gd:210 - Cannot call method 'get_global_rect' on a null value.
  modules/gdscript/gdscript_lambda_callable.cpp:224 - Lambda capture at index 0 was freed. Passed "null" instead.
  res://addons/godot_tours/overlays/overlays.gd:210 - Cannot call method 'get_global_rect' on a null value.
  modules/gdscript/gdscript_lambda_callable.cpp:224 - Lambda capture at index 0 was freed. Passed "null" instead.
  res://addons/godot_tours/overlays/overlays.gd:210 - Cannot call method 'get_global_rect' on a null value.
  modules/gdscript/gdscript_lambda_callable.cpp:224 - Lambda capture at index 0 was freed. Passed "null" instead.
  res://addons/godot_tours/overlays/overlays.gd:210 - Cannot call method 'get_global_rect' on a null value.
  modules/gdscript/gdscript_lambda_callable.cpp:224 - Lambda capture at index 0 was freed. Passed "null" instead.
  res://addons/godot_tours/overlays/overlays.gd:210 - Cannot call method 'get_global_rect' on a null value.
  modules/gdscript/gdscript_lambda_callable.cpp:224 - Lambda capture at index 0 was freed. Passed "null" instead.
  res://addons/godot_tours/overlays/overlays.gd:210 - Cannot call method 'get_global_rect' on a null value.
  modules/gdscript/gdscript_lambda_callable.cpp:224 - Lambda capture at index 0 was freed. Passed "null" instead.
  res://addons/godot_tours/overlays/overlays.gd:210 - Cannot call method 'get_global_rect' on a null value.
  modules/gdscript/gdscript_lambda_callable.cpp:224 - Lambda capture at index 0 was freed. Passed "null" instead.
  res://addons/godot_tours/overlays/overlays.gd:210 - Cannot call method 'get_global_rect' on a null value.
  modules/gdscript/gdscript_lambda_callable.cpp:224 - Lambda capture at index 0 was freed. Passed "null" instead.
  res://addons/godot_tours/overlays/overlays.gd:210 - Cannot call method 'get_global_rect' on a null value.
  modules/gdscript/gdscript_lambda_callable.cpp:224 - Lambda capture at index 0 was freed. Passed "null" instead.
  res://addons/godot_tours/overlays/overlays.gd:210 - Cannot call method 'get_global_rect' on a null value.
  modules/gdscript/gdscript_lambda_callable.cpp:224 - Lambda capture at index 0 was freed. Passed "null" instead.
  res://addons/godot_tours/overlays/overlays.gd:210 - Cannot call method 'get_global_rect' on a null value.
  modules/gdscript/gdscript_lambda_callable.cpp:224 - Lambda capture at index 0 was freed. Passed "null" instead.
  res://addons/godot_tours/overlays/overlays.gd:210 - Cannot call method 'get_global_rect' on a null value.
  modules/gdscript/gdscript_lambda_callable.cpp:224 - Lambda capture at index 0 was freed. Passed "null" instead.
  res://addons/godot_tours/overlays/overlays.gd:210 - Cannot call method 'get_global_rect' on a null value.
  modules/gdscript/gdscript_lambda_callable.cpp:224 - Lambda capture at index 0 was freed. Passed "null" instead.
  res://addons/godot_tours/overlays/overlays.gd:210 - Cannot call method 'get_global_rect' on a null value.
  modules/gdscript/gdscript_lambda_callable.cpp:224 - Lambda capture at index 0 was freed. Passed "null" instead.
  res://addons/godot_tours/overlays/overlays.gd:210 - Cannot call method 'get_global_rect' on a null value.
  modules/gdscript/gdscript_lambda_callable.cpp:224 - Lambda capture at index 0 was freed. Passed "null" instead.
  res://addons/godot_tours/overlays/overlays.gd:210 - Cannot call method 'get_global_rect' on a null value.
  modules/gdscript/gdscript_lambda_callable.cpp:224 - Lambda capture at index 0 was freed. Passed "null" instead.
  res://addons/godot_tours/overlays/overlays.gd:210 - Cannot call method 'get_global_rect' on a null value.
  scene/gui/control.cpp:1440 - Nodes with non-equal opposite anchors will have their size overridden after _ready(). 
  If you want to set size, change the anchors or consider using set_deferred().

2024-03-01T23:37:22:INFO: [step_commands: 15]
Godot Engine v4.2.stable.official.46dc27791 - https://godotengine.org
OpenGL API OpenGL ES 3.0.0 (ANGLE 2.1.21969 git hash: 9528449a8930) - Compatibility - Using Device: Google Inc. (Apple) - ANGLE (Apple, ANGLE Metal Renderer: Apple M2, Version 13.5.1 (Build 22G90))
 
--- Debugging process stopped ---
  scene/gui/control.cpp:1440 - Nodes with non-equal opposite anchors will have their size overridden after _ready(). 
  If you want to set size, change the anchors or consider using set_deferred().
  scene/gui/control.cpp:1440 - Nodes with non-equal opposite anchors will have their size overridden after _ready(). 
  If you want to set size, change the anchors or consider using set_deferred().
  scene/gui/control.cpp:1440 - Nodes with non-equal opposite anchors will have their size overridden after _ready(). 
  If you want to set size, change the anchors or consider using set_deferred().
  scene/gui/control.cpp:1440 - Nodes with non-equal opposite anchors will have their size overridden after _ready(). 
  If you want to set size, change the anchors or consider using set_deferred().
  scene/gui/control.cpp:1440 - Nodes with non-equal opposite anchors will have their size overridden after _ready(). 
  If you want to set size, change the anchors or consider using set_deferred().
  scene/gui/control.cpp:1440 - Nodes with non-equal opposite anchors will have their size overridden after _ready(). 
  If you want to set size, change the anchors or consider using set_deferred().
  scene/gui/control.cpp:1440 - Nodes with non-equal opposite anchors will have their size overridden after _ready(). 
  If you want to set size, change the anchors or consider using set_deferred().
  scene/gui/control.cpp:1440 - Nodes with non-equal opposite anchors will have their size overridden after _ready(). 
  If you want to set size, change the anchors or consider using set_deferred().
  scene/gui/control.cpp:1440 - Nodes with non-equal opposite anchors will have their size overridden after _ready(). 
  If you want to set size, change the anchors or consider using set_deferred().
Create Node
  scene/gui/control.cpp:1440 - Nodes with non-equal opposite anchors will have their size overridden after _ready(). 
  If you want to set size, change the anchors or consider using set_deferred().
  scene/gui/control.cpp:1440 - Nodes with non-equal opposite anchors will have their size overridden after _ready(). 
  If you want to set size, change the anchors or consider using set_deferred().
Instantiate Scene(s)
  scene/gui/control.cpp:1440 - Nodes with non-equal opposite anchors will have their size overridden after _ready(). 
  If you want to set size, change the anchors or consider using set_deferred().
Move CanvasItem "UIHealthBar" to (-1140, 424)
Move CanvasItem "UIHealthBar" to (73, 65)
Move CanvasItem "RoomB" to (-510, 1421)
  scene/gui/control.cpp:1440 - Nodes with non-equal opposite anchors will have their size overridden after _ready(). 
  If you want to set size, change the anchors or consider using set_deferred().
  scene/gui/control.cpp:1440 - Nodes with non-equal opposite anchors will have their size overridden after _ready(). 
  If you want to set size, change the anchors or consider using set_deferred().
Set position
Set position
Set position
Set position
Set position
  modules/gdscript/gdscript_lambda_callable.cpp:224 - Lambda capture at index 0 was freed. Passed "null" instead.
  res://addons/godot_tours/overlays/overlays.gd:210 - Cannot call method 'get_global_rect' on a null value.
  modules/gdscript/gdscript_lambda_callable.cpp:224 - Lambda capture at index 0 was freed. Passed "null" instead.
  res://addons/godot_tours/overlays/overlays.gd:210 - Cannot call method 'get_global_rect' on a null value.
Set position
Scene Undo: Set position
Scene Undo: Set position
Scene Undo: Set position
Scene Undo: Set position
Scene Undo: Set position
Scene Undo: Set position
  modules/gdscript/gdscript_lambda_callable.cpp:224 - Lambda capture at index 0 was freed. Passed "null" instead.
  res://addons/godot_tours/overlays/overlays.gd:210 - Cannot call method 'get_global_rect' on a null value.
  modules/gdscript/gdscript_lambda_callable.cpp:224 - Lambda capture at index 0 was freed. Passed "null" instead.
  res://addons/godot_tours/overlays/overlays.gd:210 - Cannot call method 'get_global_rect' on a null value.
Set custom_minimum_size
Scene Undo: Set custom_minimum_size
Scene Undo: Move CanvasItem "RoomB" to (-510, 1421)
  modules/gdscript/gdscript_lambda_callable.cpp:224 - Lambda capture at index 0 was freed. Passed "null" instead.
  res://addons/godot_tours/overlays/overlays.gd:210 - Cannot call method 'get_global_rect' on a null value.
  modules/gdscript/gdscript_lambda_callable.cpp:224 - Lambda capture at index 0 was freed. Passed "null" instead.
  res://addons/godot_tours/overlays/overlays.gd:210 - Cannot call method 'get_global_rect' on a null value.
  modules/gdscript/gdscript_lambda_callable.cpp:224 - Lambda capture at index 0 was freed. Passed "null" instead.
  res://addons/godot_tours/overlays/overlays.gd:210 - Cannot call method 'get_global_rect' on a null value.
  modules/gdscript/gdscript_lambda_callable.cpp:224 - Lambda capture at index 0 was freed. Passed "null" instead.
  res://addons/godot_tours/overlays/overlays.gd:210 - Cannot call method 'get_global_rect' on a null value.
  modules/gdscript/gdscript_lambda_callable.cpp:224 - Lambda capture at index 0 was freed. Passed "null" instead.
  res://addons/godot_tours/overlays/overlays.gd:210 - Cannot call method 'get_global_rect' on a null value.
  modules/gdscript/gdscript_lambda_callable.cpp:224 - Lambda capture at index 0 was freed. Passed "null" instead.
  res://addons/godot_tours/overlays/overlays.gd:210 - Cannot call method 'get_global_rect' on a null value.
  modules/gdscript/gdscript_lambda_callable.cpp:224 - Lambda capture at index 0 was freed. Passed "null" instead.
  res://addons/godot_tours/overlays/overlays.gd:210 - Cannot call method 'get_global_rect' on a null value.
  modules/gdscript/gdscript_lambda_callable.cpp:224 - Lambda capture at index 0 was freed. Passed "null" instead.
  res://addons/godot_tours/overlays/overlays.gd:210 - Cannot call method 'get_global_rect' on a null value.
  modules/gdscript/gdscript_lambda_callable.cpp:224 - Lambda capture at index 0 was freed. Passed "null" instead.
  res://addons/godot_tours/overlays/overlays.gd:210 - Cannot call method 'get_global_rect' on a null value.
  modules/gdscript/gdscript_lambda_callable.cpp:224 - Lambda capture at index 0 was freed. Passed "null" instead.
  res://addons/godot_tours/overlays/overlays.gd:210 - Cannot call method 'get_global_rect' on a null value.
  modules/gdscript/gdscript_lambda_callable.cpp:224 - Lambda capture at index 0 was freed. Passed "null" instead.
  res://addons/godot_tours/overlays/overlays.gd:210 - Cannot call method 'get_global_rect' on a null value.
  modules/gdscript/gdscript_lambda_callable.cpp:224 - Lambda capture at index 0 was freed. Passed "null" instead.
  res://addons/godot_tours/overlays/overlays.gd:210 - Cannot call method 'get_global_rect' on a null value.
  modules/gdscript/gdscript_lambda_callable.cpp:224 - Lambda capture at index 0 was freed. Passed "null" instead.
  res://addons/godot_tours/overlays/overlays.gd:210 - Cannot call method 'get_global_rect' on a null value.
  modules/gdscript/gdscript_lambda_callable.cpp:224 - Lambda capture at index 0 was freed. Passed "null" instead.
  res://addons/godot_tours/overlays/overlays.gd:210 - Cannot call method 'get_global_rect' on a null value.
  modules/gdscript/gdscript_lambda_callable.cpp:224 - Lambda capture at index 0 was freed. Passed "null" instead.
  res://addons/godot_tours/overlays/overlays.gd:210 - Cannot call method 'get_global_rect' on a null value.
  modules/gdscript/gdscript_lambda_callable.cpp:224 - Lambda capture at index 0 was freed. Passed "null" instead.
  res://addons/godot_tours/overlays/overlays.gd:210 - Cannot call method 'get_global_rect' on a null value.
  modules/gdscript/gdscript_lambda_callable.cpp:224 - Lambda capture at index 0 was freed. Passed "null" instead.
  res://addons/godot_tours/overlays/overlays.gd:210 - Cannot call method 'get_global_rect' on a null value.
  modules/gdscript/gdscript_lambda_callable.cpp:224 - Lambda capture at index 0 was freed. Passed "null" instead.
  res://addons/godot_tours/overlays/overlays.gd:210 - Cannot call method 'get_global_rect' on a null value.
  modules/gdscript/gdscript_lambda_callable.cpp:224 - Lambda capture at index 0 was freed. Passed "null" instead.
  res://addons/godot_tours/overlays/overlays.gd:210 - Cannot call method 'get_global_rect' on a null value.
  modules/gdscript/gdscript_lambda_callable.cpp:224 - Lambda capture at index 0 was freed. Passed "null" instead.
  res://addons/godot_tours/overlays/overlays.gd:210 - Cannot call method 'get_global_rect' on a null value.
  modules/gdscript/gdscript_lambda_callable.cpp:224 - Lambda capture at index 0 was freed. Passed "null" instead.
  res://addons/godot_tours/overlays/overlays.gd:210 - Cannot call method 'get_global_rect' on a null value.
  modules/gdscript/gdscript_lambda_callable.cpp:224 - Lambda capture at index 0 was freed. Passed "null" instead.
  res://addons/godot_tours/overlays/overlays.gd:210 - Cannot call method 'get_global_rect' on a null value.
  modules/gdscript/gdscript_lambda_callable.cpp:224 - Lambda capture at index 0 was freed. Passed "null" instead.
  res://addons/godot_tours/overlays/overlays.gd:210 - Cannot call method 'get_global_rect' on a null value.
  modules/gdscript/gdscript_lambda_callable.cpp:224 - Lambda capture at index 0 was freed. Passed "null" instead.
  res://addons/godot_tours/overlays/overlays.gd:210 - Cannot call method 'get_global_rect' on a null value.
  modules/gdscript/gdscript_lambda_callable.cpp:224 - Lambda capture at index 0 was freed. Passed "null" instead.
  res://addons/godot_tours/overlays/overlays.gd:210 - Cannot call method 'get_global_rect' on a null value.
  modules/gdscript/gdscript_lambda_callable.cpp:224 - Lambda capture at index 0 was freed. Passed "null" instead.
  res://addons/godot_tours/overlays/overlays.gd:210 - Cannot call method 'get_global_rect' on a null value.
  modules/gdscript/gdscript_lambda_callable.cpp:224 - Lambda capture at index 0 was freed. Passed "null" instead.
  res://addons/godot_tours/overlays/overlays.gd:210 - Cannot call method 'get_global_rect' on a null value.
  scene/gui/control.cpp:1440 - Nodes with non-equal opposite anchors will have their size overridden after _ready(). 
  If you want to set size, change the anchors or consider using set_deferred().
  scene/gui/control.cpp:1440 - Nodes with non-equal opposite anchors will have their size overridden after _ready(). 
  If you want to set size, change the anchors or consider using set_deferred().
Set position
Set position

